#
# A fatal error has been detected by the Java Runtime Environment:
#
#  EXCEPTION_ACCESS_VIOLATION (0xc0000005) at pc=0x00007ff9475afd0c, pid=10308, tid=0x00000000000039f4
#
# JRE version: Java(TM) SE Runtime Environment (8.0_111-b14) (build 1.8.0_111-b14)
# Java VM: Java HotSpot(TM) 64-Bit Server VM (25.111-b14 mixed mode windows-amd64 compressed oops)
# Problematic frame:
# C  [d3d9.dll+0xfd0c]
#
# Failed to write core dump. Minidumps are not enabled by default on client versions of Windows
#
# If you would like to submit a bug report, please visit:
#   http://bugreport.java.com/bugreport/crash.jsp
# The crash happened outside the Java Virtual Machine in native code.
# See problematic frame for where to report the bug.
#

---------------  T H R E A D  ---------------

Current thread (0x000000001f962000):  JavaThread "AWT-Windows" daemon [_thread_in_native, id=14836, stack(0x00000000203d0000,0x00000000204d0000)]

siginfo: ExceptionCode=0xc0000005, writing address 0x0000000000000000

Registers:
RAX=0x0000000000000000, RBX=0x00000000204ce090, RCX=0x000000002769d8a0, RDX=0x00000000204ce8a0
RSP=0x00000000204cdfe8, RBP=0x00000000204ce380, RSI=0x0000000000000001, RDI=0x0000000027682440
R8 =0x0000000000000000, R9 =0x0000000000000000, R10=0x000000002769e6bc, R11=0x0000000000000246
R12=0x0000000000000002, R13=0x00000000204ce8a0, R14=0x0000000000000000, R15=0x0000000000000000
RIP=0x00007ff9475afd0c, EFLAGS=0x0000000000010246

Top of Stack: (sp=0x00000000204cdfe8)
0x00000000204cdfe8:   00007ff9475b167f 00000000204ce048
0x00000000204cdff8:   00000000204ce050 0000000000000600
0x00000000204ce008:   0000000000010003 0000000000000000
0x00000000204ce018:   0000000027682440 0000000000000000
0x00000000204ce028:   00007ff9475c76a6 0000000000000000
0x00000000204ce038:   0000000000000000 0000000000000001
0x00000000204ce048:   0000000000000001 0000000000000000
0x00000000204ce058:   0000000000000000 0000000000005c88
0x00000000204ce068:   0000000000005c90 0000000000000000
0x00000000204ce078:   00000000204ce0c8 0000000000000000
0x00000000204ce088:   000000000000001a 0000000000000000
0x00000000204ce098:   0000000000000000 0000000028fef9a0
0x00000000204ce0a8:   000000002769d8a0 0000000000000000
0x00000000204ce0b8:   00000000010fa478 0000000000000000
0x00000000204ce0c8:   0000000000000003 0000000000000000
0x00000000204ce0d8:   0000000000000000 0000078000000048 

Instructions: (pc=0x00007ff9475afd0c)
0x00007ff9475afcec:   e9 10 fe ff ff cc cc cc cc cc cc cc cc cc cc cc
0x00007ff9475afcfc:   cc cc cc cc ff 25 00 00 00 00 c0 6a 01 80 01 00
0x00007ff9475afd0c:   00 00 5c 24 20 55 56 57 41 54 41 55 41 56 41 57
0x00007ff9475afd1c:   48 8d 6c 24 c0 48 81 ec 40 01 00 00 48 8b 05 a9 


Register to memory mapping:

RAX=0x0000000000000000 is an unknown value
RBX=0x00000000204ce090 is pointing into the stack for thread: 0x000000001f962000
RCX=0x000000002769d8a0 is an unknown value
RDX=0x00000000204ce8a0 is pointing into the stack for thread: 0x000000001f962000
RSP=0x00000000204cdfe8 is pointing into the stack for thread: 0x000000001f962000
RBP=0x00000000204ce380 is pointing into the stack for thread: 0x000000001f962000
RSI=0x0000000000000001 is an unknown value
RDI=0x0000000027682440 is an unknown value
R8 =0x0000000000000000 is an unknown value
R9 =0x0000000000000000 is an unknown value
R10=0x000000002769e6bc is an unknown value
R11=0x0000000000000246 is an unknown value
R12=0x0000000000000002 is an unknown value
R13=0x00000000204ce8a0 is pointing into the stack for thread: 0x000000001f962000
R14=0x0000000000000000 is an unknown value
R15=0x0000000000000000 is an unknown value


Stack: [0x00000000203d0000,0x00000000204d0000],  sp=0x00000000204cdfe8,  free space=1015k
Native frames: (J=compiled Java code, j=interpreted, Vv=VM code, C=native code)
C  [d3d9.dll+0xfd0c]
C  [d3d9.dll+0x1167f]
C  [d3d9.dll+0x276a6]
C  [d3d9.dll+0x2cb68]
C  [d3d9.dll+0x2a81e]
C  [awt.dll+0x19e3d]
C  [awt.dll+0x19f9b]
C  [awt.dll+0x1a94f]
C  [awt.dll+0x1e4d5]
C  [awt.dll+0x1b619]
C  0x0000000003087f74

Java frames: (J=compiled Java code, j=interpreted, Vv=VM code)
j  sun.java2d.d3d.D3DGraphicsDevice.getDeviceCapsNative(I)I+0
j  sun.java2d.d3d.D3DGraphicsDevice.access$000(I)I+1
j  sun.java2d.d3d.D3DGraphicsDevice$1.run()V+8
v  ~StubRoutines::call_stub
j  sun.awt.windows.WToolkit.eventLoop()V+0
j  sun.awt.windows.WToolkit.run()V+58
j  java.lang.Thread.run()V+11
v  ~StubRoutines::call_stub

---------------  P R O C E S S  ---------------

Java Threads: ( => current thread )
=>0x000000001f962000 JavaThread "AWT-Windows" daemon [_thread_in_native, id=14836, stack(0x00000000203d0000,0x00000000204d0000)]
  0x000000001f95f000 JavaThread "AWT-Shutdown" [_thread_blocked, id=11952, stack(0x00000000202d0000,0x00000000203d0000)]
  0x000000001f95e800 JavaThread "Java2D Disposer" daemon [_thread_blocked, id=14724, stack(0x0000000020100000,0x0000000020200000)]
  0x000000001eaa2000 JavaThread "Service Thread" daemon [_thread_blocked, id=14480, stack(0x000000001f5d0000,0x000000001f6d0000)]
  0x000000001ea15800 JavaThread "C1 CompilerThread3" daemon [_thread_blocked, id=12528, stack(0x000000001f4d0000,0x000000001f5d0000)]
  0x000000001ea11800 JavaThread "C2 CompilerThread2" daemon [_thread_blocked, id=11984, stack(0x000000001f3d0000,0x000000001f4d0000)]
  0x000000001ea0d000 JavaThread "C2 CompilerThread1" daemon [_thread_blocked, id=228, stack(0x000000001f2d0000,0x000000001f3d0000)]
  0x000000001ea09800 JavaThread "C2 CompilerThread0" daemon [_thread_blocked, id=9072, stack(0x000000001f1d0000,0x000000001f2d0000)]
  0x000000001ea07800 JavaThread "Attach Listener" daemon [_thread_blocked, id=11120, stack(0x000000001f0d0000,0x000000001f1d0000)]
  0x000000001ea06000 JavaThread "Signal Dispatcher" daemon [_thread_blocked, id=5112, stack(0x000000001efd0000,0x000000001f0d0000)]
  0x000000000306e000 JavaThread "Finalizer" daemon [_thread_blocked, id=16228, stack(0x000000001ede0000,0x000000001eee0000)]
  0x0000000003065000 JavaThread "Reference Handler" daemon [_thread_blocked, id=2972, stack(0x000000001e8e0000,0x000000001e9e0000)]
  0x0000000002d4e000 JavaThread "main" [_thread_in_native, id=10396, stack(0x0000000002e70000,0x0000000002f70000)]

Other Threads:
  0x000000001cb09000 VMThread [stack: 0x000000001e7e0000,0x000000001e8e0000] [id=9080]
  0x000000001eabd000 WatcherThread [stack: 0x000000001f6d0000,0x000000001f7d0000] [id=14388]

VM state:not at safepoint (normal execution)

VM Mutex/Monitor currently owned by a thread: None

Heap:
 PSYoungGen      total 76288K, used 5242K [0x000000076af80000, 0x0000000770480000, 0x00000007c0000000)
  eden space 65536K, 8% used [0x000000076af80000,0x000000076b49ebc8,0x000000076ef80000)
  from space 10752K, 0% used [0x000000076fa00000,0x000000076fa00000,0x0000000770480000)
  to   space 10752K, 0% used [0x000000076ef80000,0x000000076ef80000,0x000000076fa00000)
 ParOldGen       total 175104K, used 0K [0x00000006c0e00000, 0x00000006cb900000, 0x000000076af80000)
  object space 175104K, 0% used [0x00000006c0e00000,0x00000006c0e00000,0x00000006cb900000)
 Metaspace       used 5451K, capacity 5560K, committed 5888K, reserved 1056768K
  class space    used 615K, capacity 665K, committed 768K, reserved 1048576K

Card table byte_map: [0x0000000012430000,0x0000000012c30000] byte_map_base: 0x000000000ee29000

Marking Bits: (ParMarkBitMap*) 0x0000000071afa6c0
 Begin Bits: [0x0000000013990000, 0x0000000017958000)
 End Bits:   [0x0000000017958000, 0x000000001b920000)

Polling page: 0x0000000001080000

CodeCache: size=245760Kb used=1515Kb max_used=1515Kb free=244244Kb
 bounds [0x0000000003070000, 0x00000000032e0000, 0x0000000012070000]
 total_blobs=549 nmethods=224 adapters=238
 compilation: enabled

Compilation events (10 events):
Event: 0.118 Thread 0x000000001ea15800  219       3       java.util.HashMap$Node::<init> (26 bytes)
Event: 0.118 Thread 0x000000001ea15800 nmethod 219 0x00000000031dfd50 code [0x00000000031dfea0, 0x00000000031e00b0]
Event: 0.125 Thread 0x000000001ea15800  220       3       jdk.internal.org.objectweb.asm.ByteVector::enlarge (51 bytes)
Event: 0.125 Thread 0x000000001ea15800 nmethod 220 0x00000000031ea290 code [0x00000000031ea400, 0x00000000031ea728]
Event: 0.126 Thread 0x000000001ea15800  221       3       java.lang.invoke.MemberName::getReferenceKind (12 bytes)
Event: 0.126 Thread 0x000000001ea15800 nmethod 221 0x00000000031ea810 code [0x00000000031ea960, 0x00000000031eaad0]
Event: 0.126 Thread 0x000000001ea15800  222       1       java.lang.invoke.MethodTypeForm::basicType (5 bytes)
Event: 0.126 Thread 0x000000001ea15800 nmethod 222 0x00000000031eab50 code [0x00000000031eaca0, 0x00000000031eadb0]
Event: 0.144 Thread 0x000000001ea15800  224       3       jdk.internal.org.objectweb.asm.ClassWriter::newClassItem (70 bytes)
Event: 0.144 Thread 0x000000001ea15800 nmethod 224 0x00000000031eae10 code [0x00000000031eafc0, 0x00000000031eb3f8]

GC Heap History (0 events):
No events

Deoptimization events (0 events):
No events

Internal exceptions (10 events):
Event: 0.026 Thread 0x0000000002d4e000 Exception <a 'java/lang/NoSuchMethodError': Method sun.misc.Unsafe.defineClass(Ljava/lang/String;[BII)Ljava/lang/Class; name or signature does not match> (0x000000076af87c78) thrown at [C:\re\workspace\8-2-build-windows-amd64-cygwin\jdk8u111\7883\hotspot\
Event: 0.026 Thread 0x0000000002d4e000 Exception <a 'java/lang/NoSuchMethodError': Method sun.misc.Unsafe.prefetchRead(Ljava/lang/Object;J)V name or signature does not match> (0x000000076af87f60) thrown at [C:\re\workspace\8-2-build-windows-amd64-cygwin\jdk8u111\7883\hotspot\src\share\vm\prims
Event: 0.067 Thread 0x0000000002d4e000 Exception <a 'java/security/PrivilegedActionException'> (0x000000076b008110) thrown at [C:\re\workspace\8-2-build-windows-amd64-cygwin\jdk8u111\7883\hotspot\src\share\vm\prims\jvm.cpp, line 1386]
Event: 0.067 Thread 0x0000000002d4e000 Exception <a 'java/security/PrivilegedActionException'> (0x000000076b008320) thrown at [C:\re\workspace\8-2-build-windows-amd64-cygwin\jdk8u111\7883\hotspot\src\share\vm\prims\jvm.cpp, line 1386]
Event: 0.068 Thread 0x0000000002d4e000 Exception <a 'java/security/PrivilegedActionException'> (0x000000076b00c208) thrown at [C:\re\workspace\8-2-build-windows-amd64-cygwin\jdk8u111\7883\hotspot\src\share\vm\prims\jvm.cpp, line 1386]
Event: 0.068 Thread 0x0000000002d4e000 Exception <a 'java/security/PrivilegedActionException'> (0x000000076b00c418) thrown at [C:\re\workspace\8-2-build-windows-amd64-cygwin\jdk8u111\7883\hotspot\src\share\vm\prims\jvm.cpp, line 1386]
Event: 0.073 Thread 0x0000000002d4e000 Exception <a 'java/io/FileNotFoundException'> (0x000000076b013328) thrown at [C:\re\workspace\8-2-build-windows-amd64-cygwin\jdk8u111\7883\hotspot\src\share\vm\prims\jni.cpp, line 709]
Event: 0.098 Thread 0x0000000002d4e000 Exception <a 'java/lang/NoSuchFieldError': method resolution failed> (0x000000076b228700) thrown at [C:\re\workspace\8-2-build-windows-amd64-cygwin\jdk8u111\7883\hotspot\src\share\vm\prims\methodHandles.cpp, line 1146]
Event: 0.099 Thread 0x0000000002d4e000 Exception <a 'java/lang/NoSuchFieldError': method resolution failed> (0x000000076b235ad0) thrown at [C:\re\workspace\8-2-build-windows-amd64-cygwin\jdk8u111\7883\hotspot\src\share\vm\prims\methodHandles.cpp, line 1146]
Event: 0.124 Thread 0x0000000002d4e000 Exception <a 'java/io/FileNotFoundException'> (0x000000076b2c9818) thrown at [C:\re\workspace\8-2-build-windows-amd64-cygwin\jdk8u111\7883\hotspot\src\share\vm\prims\jni.cpp, line 709]

Events (10 events):
Event: 0.176 loading class sun/java2d/pipe/RenderQueue done
Event: 0.177 loading class sun/java2d/d3d/D3DRenderQueue done
Event: 0.177 loading class sun/java2d/pipe/RenderBuffer
Event: 0.177 loading class sun/java2d/pipe/RenderBuffer done
Event: 0.177 loading class sun/java2d/d3d/D3DRenderQueue$1
Event: 0.177 loading class sun/java2d/d3d/D3DRenderQueue$1 done
Event: 0.177 loading class sun/java2d/d3d/D3DGraphicsDevice$1Result
Event: 0.177 loading class sun/java2d/d3d/D3DGraphicsDevice$1Result done
Event: 0.177 loading class sun/java2d/d3d/D3DGraphicsDevice$1
Event: 0.177 loading class sun/java2d/d3d/D3DGraphicsDevice$1 done


Dynamic libraries:
0x00007ff6b8230000 - 0x00007ff6b8267000 	C:\Program Files\Java\jdk1.8.0_111\bin\java.exe
0x00007ff959200000 - 0x00007ff9593db000 	C:\WINDOWS\SYSTEM32\ntdll.dll
0x00007ff959150000 - 0x00007ff9591fe000 	C:\WINDOWS\System32\KERNEL32.DLL
0x00007ff956320000 - 0x00007ff956569000 	C:\WINDOWS\System32\KERNELBASE.dll
0x00007ff956740000 - 0x00007ff9567e1000 	C:\WINDOWS\System32\ADVAPI32.dll
0x00007ff9584d0000 - 0x00007ff95856d000 	C:\WINDOWS\System32\msvcrt.dll
0x00007ff956890000 - 0x00007ff9568e9000 	C:\WINDOWS\System32\sechost.dll
0x00007ff958fc0000 - 0x00007ff9590e5000 	C:\WINDOWS\System32\RPCRT4.dll
0x00007ff958340000 - 0x00007ff95848a000 	C:\WINDOWS\System32\USER32.dll
0x00007ff955810000 - 0x00007ff95582e000 	C:\WINDOWS\System32\win32u.dll
0x00007ff958790000 - 0x00007ff9587b7000 	C:\WINDOWS\System32\GDI32.dll
0x00007ff956140000 - 0x00007ff9562c9000 	C:\WINDOWS\System32\gdi32full.dll
0x00007ff955700000 - 0x00007ff95579a000 	C:\WINDOWS\System32\msvcp_win.dll
0x00007ff956040000 - 0x00007ff956136000 	C:\WINDOWS\System32\ucrtbase.dll
0x00007ff94d2a0000 - 0x00007ff94d507000 	C:\WINDOWS\WinSxS\amd64_microsoft.windows.common-controls_6595b64144ccf1df_6.0.15063.0_none_108e4f62dfe5d999\COMCTL32.dll
0x00007ff958880000 - 0x00007ff958b79000 	C:\WINDOWS\System32\combase.dll
0x00007ff9557a0000 - 0x00007ff95580a000 	C:\WINDOWS\System32\bcryptPrimitives.dll
0x00007ff957e20000 - 0x00007ff957e4d000 	C:\WINDOWS\System32\IMM32.DLL
0x0000000071200000 - 0x00000000712d2000 	C:\Program Files\Java\jdk1.8.0_111\jre\bin\msvcr100.dll
0x00000000712e0000 - 0x0000000071b7a000 	C:\Program Files\Java\jdk1.8.0_111\jre\bin\server\jvm.dll
0x00007ff9584c0000 - 0x00007ff9584c8000 	C:\WINDOWS\System32\PSAPI.DLL
0x00007ff9457e0000 - 0x00007ff9457e9000 	C:\WINDOWS\SYSTEM32\WSOCK32.dll
0x00007ff953a00000 - 0x00007ff953a23000 	C:\WINDOWS\SYSTEM32\WINMM.dll
0x00007ff9501a0000 - 0x00007ff9501aa000 	C:\WINDOWS\SYSTEM32\VERSION.dll
0x00007ff958570000 - 0x00007ff9585dc000 	C:\WINDOWS\System32\WS2_32.dll
0x00007ff9539d0000 - 0x00007ff9539fb000 	C:\WINDOWS\SYSTEM32\winmmbase.dll
0x00007ff9562d0000 - 0x00007ff956319000 	C:\WINDOWS\System32\cfgmgr32.dll
0x00000000711b0000 - 0x00000000711bf000 	C:\Program Files\Java\jdk1.8.0_111\jre\bin\verify.dll
0x0000000071180000 - 0x00000000711a9000 	C:\Program Files\Java\jdk1.8.0_111\jre\bin\java.dll
0x0000000071160000 - 0x0000000071176000 	C:\Program Files\Java\jdk1.8.0_111\jre\bin\zip.dll
0x00007ff956960000 - 0x00007ff957d97000 	C:\WINDOWS\System32\SHELL32.dll
0x00007ff958290000 - 0x00007ff95833a000 	C:\WINDOWS\System32\shcore.dll
0x00007ff955830000 - 0x00007ff955f22000 	C:\WINDOWS\System32\windows.storage.dll
0x00007ff958730000 - 0x00007ff958781000 	C:\WINDOWS\System32\shlwapi.dll
0x00007ff9556a0000 - 0x00007ff9556b1000 	C:\WINDOWS\System32\kernel.appcore.dll
0x00007ff955650000 - 0x00007ff95569c000 	C:\WINDOWS\System32\powrprof.dll
0x00007ff9556c0000 - 0x00007ff9556d5000 	C:\WINDOWS\System32\profapi.dll
0x0000000070f80000 - 0x0000000071118000 	C:\Program Files\Java\jdk1.8.0_111\jre\bin\awt.dll
0x00007ff9587c0000 - 0x00007ff95887f000 	C:\WINDOWS\System32\OLEAUT32.dll
0x00007ff953c20000 - 0x00007ff953c9e000 	C:\WINDOWS\SYSTEM32\apphelp.dll
0x00007ff9524f0000 - 0x00007ff95251a000 	C:\WINDOWS\system32\DWMAPI.DLL
0x00007ff953e70000 - 0x00007ff953f05000 	C:\WINDOWS\system32\uxtheme.dll
0x00007ff957ff0000 - 0x00007ff958156000 	C:\WINDOWS\System32\MSCTF.dll
0x0000000180000000 - 0x000000018006c000 	C:\Program Files (x86)\RivaTuner Statistics Server\RTSSHooks64.dll
0x00000000725f0000 - 0x0000000072693000 	C:\WINDOWS\WinSxS\amd64_microsoft.vc90.crt_1fc8b3b9a1e18e3b_9.0.30729.9279_none_08e667efa83ba076\MSVCR90.dll
0x00007ff9585e0000 - 0x00007ff958724000 	C:\WINDOWS\System32\ole32.dll
0x00007ff9475a0000 - 0x00007ff947729000 	C:\WINDOWS\system32\d3d9.dll
0x00007ff94ff00000 - 0x00007ff94ffdf000 	C:\WINDOWS\System32\DriverStore\FileRepository\nv_dispi.inf_amd64_e69a53b8ddde469c\nvldumdx.dll
0x00007ff956570000 - 0x00007ff956739000 	C:\WINDOWS\System32\crypt32.dll
0x00007ff9556e0000 - 0x00007ff9556f1000 	C:\WINDOWS\System32\MSASN1.dll
0x00007ff955f30000 - 0x00007ff955f86000 	C:\WINDOWS\System32\WINTRUST.DLL
0x00007ff958490000 - 0x00007ff9584ad000 	C:\WINDOWS\System32\imagehlp.dll
0x00007ff955100000 - 0x00007ff955117000 	C:\WINDOWS\SYSTEM32\CRYPTSP.dll
0x00007ff954b20000 - 0x00007ff954b54000 	C:\WINDOWS\system32\rsaenh.dll
0x00007ff955210000 - 0x00007ff955235000 	C:\WINDOWS\SYSTEM32\bcrypt.dll
0x00007ff955120000 - 0x00007ff95512b000 	C:\WINDOWS\SYSTEM32\CRYPTBASE.dll
0x00007ff918cb0000 - 0x00007ff919cc4000 	C:\WINDOWS\System32\DriverStore\FileRepository\nv_dispi.inf_amd64_e69a53b8ddde469c\nvd3dumx.dll
0x00007ff94dd50000 - 0x00007ff94df21000 	C:\WINDOWS\system32\nvspcap64.dll
0x00007ff958b80000 - 0x00007ff958fbb000 	C:\WINDOWS\System32\SETUPAPI.dll
0x00007ff952170000 - 0x00007ff952183000 	C:\WINDOWS\SYSTEM32\WTSAPI32.dll
0x00007ff94c0d0000 - 0x00007ff94c1a7000 	C:\WINDOWS\SYSTEM32\WINHTTP.dll
0x00007ff94a6c0000 - 0x00007ff94aadf000 	C:\WINDOWS\system32\nvapi64.dll
0x00007ff9544c0000 - 0x00007ff954564000 	C:\WINDOWS\SYSTEM32\dxgi.dll
0x00007ff9541d0000 - 0x00007ff9541f8000 	C:\WINDOWS\SYSTEM32\DEVOBJ.dll
0x00007ff9453f0000 - 0x00007ff945599000 	C:\WINDOWS\SYSTEM32\dbghelp.dll

VM Arguments:
jvm_args: -Dfile.encoding=UTF-8 
java_command: randomstrings.RandomStrings
java_class_path (initial): C:\Users\Christopher\Documents\NetBeansProjects\RandomStrings\build\classes
Launcher Type: SUN_STANDARD

Environment Variables:
PATH=C:\Program Files\Python 3.5\Scripts\;C:\Program Files\Python 3.5\;C:\Program Files\NVIDIA GPU Computing Toolkit\CUDA\v8.0\bin;C:\Program Files\NVIDIA GPU Computing Toolkit\CUDA\v8.0\libnvvp;C:\ProgramData\Oracle\Java\javapath;C:\Program Files (x86)\Intel\iCLS Client\;C:\Program Files\Intel\iCLS Client\;C:\Windows\system32;C:\Windows;C:\Windows\System32\Wbem;C:\Windows\System32\WindowsPowerShell\v1.0\;C:\Program Files\Intel\Intel(R) Management Engine Components\DAL;C:\Program Files\Intel\Intel(R) Management Engine Components\IPT;C:\Program Files (x86)\Intel\Intel(R) Management Engine Components\DAL;C:\Program Files (x86)\Intel\Intel(R) Management Engine Components\IPT;C:\WINDOWS\system32;C:\WINDOWS;C:\WINDOWS\System32\Wbem;C:\WINDOWS\System32\WindowsPowerShell\v1.0\;C:\Program Files (x86)\Windows Live\Shared;C:\Users\Christopher\.dnx\bin;C:\Program Files\Microsoft DNX\Dnvm\;C:\Program Files\Microsoft SQL Server\130\Tools\Binn\;C:\Program Files\Java\jdk1.8.0_111\bin;C:\PROGRA~2\Groovy\GROOVY~1.7\bin;C:\WINDOWS\SysWOW64\WindowsPowerShell\v1.0\Modules\TShell\TShell\;C:\Program Files (x86)\Windows Kits\8.1\Windows Performance Toolkit\;C:\cudnn\bin;C:\Program Files\Process Lasso;C:\Program Files (x86)\NVIDIA Corporation\PhysX\Common;C:\Program Files\MySQL\MySQL Server 5.5\bin;C:\Program Files (x86)\Skype\Phone\;G:\cuda\bin;C:\WINDOWS\system32;C:\WINDOWS;C:\WINDOWS\System32\Wbem;C:\WINDOWS\System32\WindowsPowerShell\v1.0\;C:\Users\Christopher\AppData\Local\Microsoft\WindowsApps;;C:\Program Files\Docker Toolbox
USERNAME=Christopher
OS=Windows_NT
PROCESSOR_IDENTIFIER=Intel64 Family 6 Model 58 Stepping 9, GenuineIntel



---------------  S Y S T E M  ---------------

OS: Windows 10.0 , 64 bit Build 15063 (10.0.15063.0)

CPU:total 8 (4 cores per cpu, 2 threads per core) family 6 model 58 stepping 9, cmov, cx8, fxsr, mmx, sse, sse2, sse3, ssse3, sse4.1, sse4.2, popcnt, avx, aes, clmul, erms, ht, tsc, tscinvbit, tscinv

Memory: 4k page, physical 16716924k(11358556k free), swap 16979068k(10160772k free)

vm_info: Java HotSpot(TM) 64-Bit Server VM (25.111-b14) for windows-amd64 JRE (1.8.0_111-b14), built on Sep 22 2016 19:24:05 by "java_re" with MS VC++ 10.0 (VS2010)

time: Thu Apr 13 14:10:19 2017
elapsed time: 0 seconds (0d 0h 0m 0s)

