#
# A fatal error has been detected by the Java Runtime Environment:
#
#  EXCEPTION_ACCESS_VIOLATION (0xc0000005) at pc=0x00007fff92b5fd0c, pid=12556, tid=0x0000000000003454
#
# JRE version: Java(TM) SE Runtime Environment (8.0_111-b14) (build 1.8.0_111-b14)
# Java VM: Java HotSpot(TM) 64-Bit Server VM (25.111-b14 mixed mode windows-amd64 compressed oops)
# Problematic frame:
# C  [d3d9.dll+0xfd0c]
#
# Failed to write core dump. Minidumps are not enabled by default on client versions of Windows
#
# If you would like to submit a bug report, please visit:
#   http://bugreport.java.com/bugreport/crash.jsp
# The crash happened outside the Java Virtual Machine in native code.
# See problematic frame for where to report the bug.
#

---------------  T H R E A D  ---------------

Current thread (0x000000001ef21000):  JavaThread "AWT-Windows" daemon [_thread_in_native, id=13396, stack(0x00000000201a0000,0x00000000202a0000)]

siginfo: ExceptionCode=0xc0000005, writing address 0x0000000000000000

Registers:
RAX=0x0000000000000000, RBX=0x000000002029e1b0, RCX=0x0000000021c1dba0, RDX=0x000000002029e9c0
RSP=0x000000002029e108, RBP=0x000000002029e4a0, RSI=0x0000000000000001, RDI=0x00000000277ddac0
R8 =0x0000000000000000, R9 =0x0000000000000000, R10=0x0000000021c1e9bc, R11=0x0000000000000246
R12=0x0000000000000002, R13=0x000000002029e9c0, R14=0x0000000000000000, R15=0x0000000000000000
RIP=0x00007fff92b5fd0c, EFLAGS=0x0000000000010246

Top of Stack: (sp=0x000000002029e108)
0x000000002029e108:   00007fff92b6167f 000000002029e168
0x000000002029e118:   000000002029e170 00000000000006d0
0x000000002029e128:   0000000000010003 0000000000000000
0x000000002029e138:   00000000277ddac0 0000000000000000
0x000000002029e148:   00007fff92b776a6 0000000000000000
0x000000002029e158:   0000000000000000 0000000000000001
0x000000002029e168:   0000000000000001 0000000000000000
0x000000002029e178:   0000000000000000 0000000000005c88
0x000000002029e188:   0000000000005c90 0000000000000000
0x000000002029e198:   000000002029e1e8 0000000000000000
0x000000002029e1a8:   000000000000001a 0000000000000000
0x000000002029e1b8:   0000000000000000 00000000288fe360
0x000000002029e1c8:   0000000021c1dba0 0000000000000000
0x000000002029e1d8:   000000000085b318 0000000000000000
0x000000002029e1e8:   0000000000000003 0000000000000000
0x000000002029e1f8:   0000000000000000 0000078000000048 

Instructions: (pc=0x00007fff92b5fd0c)
0x00007fff92b5fcec:   e9 10 fe ff ff cc cc cc cc cc cc cc cc cc cc cc
0x00007fff92b5fcfc:   cc cc cc cc ff 25 00 00 00 00 c0 6a 01 80 01 00
0x00007fff92b5fd0c:   00 00 5c 24 20 55 56 57 41 54 41 55 41 56 41 57
0x00007fff92b5fd1c:   48 8d 6c 24 c0 48 81 ec 40 01 00 00 48 8b 05 a9 


Register to memory mapping:

RAX=0x0000000000000000 is an unknown value
RBX=0x000000002029e1b0 is pointing into the stack for thread: 0x000000001ef21000
RCX=0x0000000021c1dba0 is an unknown value
RDX=0x000000002029e9c0 is pointing into the stack for thread: 0x000000001ef21000
RSP=0x000000002029e108 is pointing into the stack for thread: 0x000000001ef21000
RBP=0x000000002029e4a0 is pointing into the stack for thread: 0x000000001ef21000
RSI=0x0000000000000001 is an unknown value
RDI=0x00000000277ddac0 is an unknown value
R8 =0x0000000000000000 is an unknown value
R9 =0x0000000000000000 is an unknown value
R10=0x0000000021c1e9bc is an unknown value
R11=0x0000000000000246 is an unknown value
R12=0x0000000000000002 is an unknown value
R13=0x000000002029e9c0 is pointing into the stack for thread: 0x000000001ef21000
R14=0x0000000000000000 is an unknown value
R15=0x0000000000000000 is an unknown value


Stack: [0x00000000201a0000,0x00000000202a0000],  sp=0x000000002029e108,  free space=1016k
Native frames: (J=compiled Java code, j=interpreted, Vv=VM code, C=native code)
C  [d3d9.dll+0xfd0c]
C  [d3d9.dll+0x1167f]
C  [d3d9.dll+0x276a6]
C  [d3d9.dll+0x2cb68]
C  [d3d9.dll+0x2a81e]
C  [awt.dll+0x19e3d]
C  [awt.dll+0x19f9b]
C  [awt.dll+0x1a94f]
C  [awt.dll+0x1e4d5]
C  [awt.dll+0x1b619]
C  0x00000000026c7f74

Java frames: (J=compiled Java code, j=interpreted, Vv=VM code)
j  sun.java2d.d3d.D3DGraphicsDevice.getDeviceCapsNative(I)I+0
j  sun.java2d.d3d.D3DGraphicsDevice.access$000(I)I+1
j  sun.java2d.d3d.D3DGraphicsDevice$1.run()V+8
v  ~StubRoutines::call_stub
j  sun.awt.windows.WToolkit.eventLoop()V+0
j  sun.awt.windows.WToolkit.run()V+58
j  java.lang.Thread.run()V+11
v  ~StubRoutines::call_stub

---------------  P R O C E S S  ---------------

Java Threads: ( => current thread )
=>0x000000001ef21000 JavaThread "AWT-Windows" daemon [_thread_in_native, id=13396, stack(0x00000000201a0000,0x00000000202a0000)]
  0x000000001ef1d800 JavaThread "AWT-Shutdown" [_thread_blocked, id=13392, stack(0x00000000200a0000,0x00000000201a0000)]
  0x000000001eeca000 JavaThread "Java2D Disposer" daemon [_thread_blocked, id=13388, stack(0x000000001fe90000,0x000000001ff90000)]
  0x000000001eea2800 JavaThread "ForkJoinPool.commonPool-worker-7" daemon [_thread_blocked, id=13384, stack(0x000000001fc60000,0x000000001fd60000)]
  0x000000001eea2000 JavaThread "ForkJoinPool.commonPool-worker-6" daemon [_thread_blocked, id=13380, stack(0x000000001fb60000,0x000000001fc60000)]
  0x000000001eea1000 JavaThread "ForkJoinPool.commonPool-worker-5" daemon [_thread_blocked, id=13376, stack(0x000000001fa60000,0x000000001fb60000)]
  0x000000001ee9e800 JavaThread "ForkJoinPool.commonPool-worker-4" daemon [_thread_blocked, id=13372, stack(0x000000001f960000,0x000000001fa60000)]
  0x000000001ee9d800 JavaThread "ForkJoinPool.commonPool-worker-3" daemon [_thread_blocked, id=13368, stack(0x000000001f860000,0x000000001f960000)]
  0x000000001ee9b000 JavaThread "ForkJoinPool.commonPool-worker-2" daemon [_thread_blocked, id=13364, stack(0x000000001f760000,0x000000001f860000)]
  0x000000001ee9a000 JavaThread "ForkJoinPool.commonPool-worker-1" daemon [_thread_blocked, id=13360, stack(0x000000001f660000,0x000000001f760000)]
  0x000000001e138800 JavaThread "Service Thread" daemon [_thread_blocked, id=13352, stack(0x000000001ec60000,0x000000001ed60000)]
  0x000000001e0a7000 JavaThread "C1 CompilerThread3" daemon [_thread_blocked, id=13348, stack(0x000000001eb60000,0x000000001ec60000)]
  0x000000001e0a4000 JavaThread "C2 CompilerThread2" daemon [_thread_blocked, id=13344, stack(0x000000001ea60000,0x000000001eb60000)]
  0x000000001e09d800 JavaThread "C2 CompilerThread1" daemon [_thread_blocked, id=13340, stack(0x000000001e960000,0x000000001ea60000)]
  0x000000001e09a000 JavaThread "C2 CompilerThread0" daemon [_thread_blocked, id=13336, stack(0x000000001e860000,0x000000001e960000)]
  0x000000001e097800 JavaThread "Attach Listener" daemon [_thread_blocked, id=13332, stack(0x000000001e760000,0x000000001e860000)]
  0x000000001e096000 JavaThread "Signal Dispatcher" daemon [_thread_blocked, id=13328, stack(0x000000001e660000,0x000000001e760000)]
  0x00000000026ae800 JavaThread "Finalizer" daemon [_thread_blocked, id=13324, stack(0x000000001e470000,0x000000001e570000)]
  0x00000000026a5000 JavaThread "Reference Handler" daemon [_thread_blocked, id=13320, stack(0x000000001df70000,0x000000001e070000)]
  0x000000000257d800 JavaThread "main" [_thread_in_native, id=11440, stack(0x0000000002470000,0x0000000002570000)]

Other Threads:
  0x000000001c199800 VMThread [stack: 0x000000001de70000,0x000000001df70000] [id=13316]
  0x000000001e16a800 WatcherThread [stack: 0x000000001ed60000,0x000000001ee60000] [id=13356]

VM state:not at safepoint (normal execution)

VM Mutex/Monitor currently owned by a thread: None

Heap:
 PSYoungGen      total 76288K, used 22490K [0x000000076af80000, 0x0000000770480000, 0x00000007c0000000)
  eden space 65536K, 34% used [0x000000076af80000,0x000000076c576bc0,0x000000076ef80000)
  from space 10752K, 0% used [0x000000076fa00000,0x000000076fa00000,0x0000000770480000)
  to   space 10752K, 0% used [0x000000076ef80000,0x000000076ef80000,0x000000076fa00000)
 ParOldGen       total 175104K, used 0K [0x00000006c0e00000, 0x00000006cb900000, 0x000000076af80000)
  object space 175104K, 0% used [0x00000006c0e00000,0x00000006c0e00000,0x00000006cb900000)
 Metaspace       used 6307K, capacity 6452K, committed 6784K, reserved 1056768K
  class space    used 715K, capacity 769K, committed 896K, reserved 1048576K

Card table byte_map: [0x0000000011a70000,0x0000000012270000] byte_map_base: 0x000000000e469000

Marking Bits: (ParMarkBitMap*) 0x000000006d2fa6c0
 Begin Bits: [0x0000000012fd0000, 0x0000000016f98000)
 End Bits:   [0x0000000016f98000, 0x000000001af60000)

Polling page: 0x0000000000c60000

CodeCache: size=245760Kb used=1693Kb max_used=1693Kb free=244066Kb
 bounds [0x00000000026b0000, 0x0000000002920000, 0x00000000116b0000]
 total_blobs=627 nmethods=267 adapters=273
 compilation: enabled

Compilation events (10 events):
Event: 0.191 Thread 0x000000001e0a7000  263       3       java.lang.ref.SoftReference::<init> (13 bytes)
Event: 0.192 Thread 0x000000001e0a7000 nmethod 263 0x0000000002850d50 code [0x0000000002850ec0, 0x00000000028511b0]
Event: 0.198 Thread 0x000000001e0a7000  264       3       java.lang.invoke.MemberName::initResolved (53 bytes)
Event: 0.198 Thread 0x000000001e0a7000 nmethod 264 0x0000000002854650 code [0x00000000028547a0, 0x0000000002854970]
Event: 0.198 Thread 0x000000001e0a7000  266       3       java.lang.invoke.MethodType::parameterCount (6 bytes)
Event: 0.198 Thread 0x000000001e0a7000 nmethod 266 0x00000000028549d0 code [0x0000000002854b20, 0x0000000002854c90]
Event: 0.198 Thread 0x000000001e0a7000  265       3       sun.invoke.util.BytecodeDescriptor::unparseSig (75 bytes)
Event: 0.199 Thread 0x000000001e0a7000 nmethod 265 0x0000000002854d50 code [0x0000000002855040, 0x0000000002856838]
Event: 0.217 Thread 0x000000001e0a7000  267       3       java.lang.invoke.MemberName::getName (25 bytes)
Event: 0.217 Thread 0x000000001e0a7000 nmethod 267 0x0000000002857690 code [0x0000000002857820, 0x0000000002857c68]

GC Heap History (0 events):
No events

Deoptimization events (3 events):
Event: 0.103 Thread 0x000000000257d800 Uncommon trap: reason=unstable_if action=reinterpret pc=0x00000000027d35dc method=java.util.ArrayList$SubList$1.hasNext()Z @ 11
Event: 0.113 Thread 0x000000000257d800 Uncommon trap: reason=unstable_if action=reinterpret pc=0x00000000027d6f08 method=java.util.ArrayList.ensureCapacityInternal(I)V @ 7
Event: 0.115 Thread 0x000000000257d800 Uncommon trap: reason=unstable_if action=reinterpret pc=0x00000000027d8080 method=java.lang.String.substring(II)Ljava/lang/String; @ 49

Internal exceptions (10 events):
Event: 0.025 Thread 0x000000000257d800 Exception <a 'java/lang/NoSuchMethodError': Method sun.misc.Unsafe.defineClass(Ljava/lang/String;[BII)Ljava/lang/Class; name or signature does not match> (0x000000076af87c78) thrown at [C:\re\workspace\8-2-build-windows-amd64-cygwin\jdk8u111\7883\hotspot\
Event: 0.025 Thread 0x000000000257d800 Exception <a 'java/lang/NoSuchMethodError': Method sun.misc.Unsafe.prefetchRead(Ljava/lang/Object;J)V name or signature does not match> (0x000000076af87f60) thrown at [C:\re\workspace\8-2-build-windows-amd64-cygwin\jdk8u111\7883\hotspot\src\share\vm\prims
Event: 0.140 Thread 0x000000000257d800 Exception <a 'java/lang/NoSuchFieldError': method resolution failed> (0x000000076b880090) thrown at [C:\re\workspace\8-2-build-windows-amd64-cygwin\jdk8u111\7883\hotspot\src\share\vm\prims\methodHandles.cpp, line 1146]
Event: 0.142 Thread 0x000000000257d800 Exception <a 'java/lang/NoSuchFieldError': method resolution failed> (0x000000076b88d430) thrown at [C:\re\workspace\8-2-build-windows-amd64-cygwin\jdk8u111\7883\hotspot\src\share\vm\prims\methodHandles.cpp, line 1146]
Event: 0.174 Thread 0x000000000257d800 Exception <a 'java/security/PrivilegedActionException'> (0x000000076b98f498) thrown at [C:\re\workspace\8-2-build-windows-amd64-cygwin\jdk8u111\7883\hotspot\src\share\vm\prims\jvm.cpp, line 1386]
Event: 0.174 Thread 0x000000000257d800 Exception <a 'java/security/PrivilegedActionException'> (0x000000076b98f6a8) thrown at [C:\re\workspace\8-2-build-windows-amd64-cygwin\jdk8u111\7883\hotspot\src\share\vm\prims\jvm.cpp, line 1386]
Event: 0.175 Thread 0x000000000257d800 Exception <a 'java/security/PrivilegedActionException'> (0x000000076b993590) thrown at [C:\re\workspace\8-2-build-windows-amd64-cygwin\jdk8u111\7883\hotspot\src\share\vm\prims\jvm.cpp, line 1386]
Event: 0.175 Thread 0x000000000257d800 Exception <a 'java/security/PrivilegedActionException'> (0x000000076b9937a0) thrown at [C:\re\workspace\8-2-build-windows-amd64-cygwin\jdk8u111\7883\hotspot\src\share\vm\prims\jvm.cpp, line 1386]
Event: 0.180 Thread 0x000000000257d800 Exception <a 'java/io/FileNotFoundException'> (0x000000076b99a628) thrown at [C:\re\workspace\8-2-build-windows-amd64-cygwin\jdk8u111\7883\hotspot\src\share\vm\prims\jni.cpp, line 709]
Event: 0.195 Thread 0x000000000257d800 Exception <a 'java/io/FileNotFoundException'> (0x000000076c2e97a8) thrown at [C:\re\workspace\8-2-build-windows-amd64-cygwin\jdk8u111\7883\hotspot\src\share\vm\prims\jni.cpp, line 709]

Events (10 events):
Event: 0.243 loading class sun/java2d/pipe/RenderQueue done
Event: 0.243 loading class sun/java2d/d3d/D3DRenderQueue done
Event: 0.243 loading class sun/java2d/pipe/RenderBuffer
Event: 0.243 loading class sun/java2d/pipe/RenderBuffer done
Event: 0.243 loading class sun/java2d/d3d/D3DRenderQueue$1
Event: 0.243 loading class sun/java2d/d3d/D3DRenderQueue$1 done
Event: 0.243 loading class sun/java2d/d3d/D3DGraphicsDevice$1Result
Event: 0.243 loading class sun/java2d/d3d/D3DGraphicsDevice$1Result done
Event: 0.243 loading class sun/java2d/d3d/D3DGraphicsDevice$1
Event: 0.243 loading class sun/java2d/d3d/D3DGraphicsDevice$1 done


Dynamic libraries:
0x00007ff789640000 - 0x00007ff789677000 	C:\Program Files\Java\jdk1.8.0_111\bin\java.exe
0x00007fffca500000 - 0x00007fffca6db000 	C:\WINDOWS\SYSTEM32\ntdll.dll
0x00007fffca0e0000 - 0x00007fffca18e000 	C:\WINDOWS\System32\KERNEL32.DLL
0x00007fffc6df0000 - 0x00007fffc7039000 	C:\WINDOWS\System32\KERNELBASE.dll
0x00007fffc7b50000 - 0x00007fffc7bf1000 	C:\WINDOWS\System32\ADVAPI32.dll
0x00007fffc83d0000 - 0x00007fffc846d000 	C:\WINDOWS\System32\msvcrt.dll
0x00007fffc8770000 - 0x00007fffc87c9000 	C:\WINDOWS\System32\sechost.dll
0x00007fffc8970000 - 0x00007fffc8a95000 	C:\WINDOWS\System32\RPCRT4.dll
0x00007fffc9f90000 - 0x00007fffca0da000 	C:\WINDOWS\System32\USER32.dll
0x00007fffc6b90000 - 0x00007fffc6bae000 	C:\WINDOWS\System32\win32u.dll
0x00007fffc87d0000 - 0x00007fffc87f7000 	C:\WINDOWS\System32\GDI32.dll
0x00007fffc6a00000 - 0x00007fffc6b89000 	C:\WINDOWS\System32\gdi32full.dll
0x00007fffc7040000 - 0x00007fffc70da000 	C:\WINDOWS\System32\msvcp_win.dll
0x00007fffc7940000 - 0x00007fffc7a36000 	C:\WINDOWS\System32\ucrtbase.dll
0x00007fffbac20000 - 0x00007fffbae87000 	C:\WINDOWS\WinSxS\amd64_microsoft.windows.common-controls_6595b64144ccf1df_6.0.15063.0_none_108e4f62dfe5d999\COMCTL32.dll
0x00007fffc8470000 - 0x00007fffc8769000 	C:\WINDOWS\System32\combase.dll
0x00007fffc6bb0000 - 0x00007fffc6c1a000 	C:\WINDOWS\System32\bcryptPrimitives.dll
0x00007fffc9f60000 - 0x00007fffc9f8d000 	C:\WINDOWS\System32\IMM32.DLL
0x000000006ca00000 - 0x000000006cad2000 	C:\Program Files\Java\jdk1.8.0_111\jre\bin\msvcr100.dll
0x000000006cae0000 - 0x000000006d37a000 	C:\Program Files\Java\jdk1.8.0_111\jre\bin\server\jvm.dll
0x00007fffc8810000 - 0x00007fffc8818000 	C:\WINDOWS\System32\PSAPI.DLL
0x00007fffb5fe0000 - 0x00007fffb5fe9000 	C:\WINDOWS\SYSTEM32\WSOCK32.dll
0x00007fffc3bb0000 - 0x00007fffc3bd3000 	C:\WINDOWS\SYSTEM32\WINMM.dll
0x00007fffc7ae0000 - 0x00007fffc7b4c000 	C:\WINDOWS\System32\WS2_32.dll
0x00007fffc28c0000 - 0x00007fffc28ca000 	C:\WINDOWS\SYSTEM32\VERSION.dll
0x00007fffc3b50000 - 0x00007fffc3b7b000 	C:\WINDOWS\SYSTEM32\WINMMBASE.dll
0x00007fffc70e0000 - 0x00007fffc7129000 	C:\WINDOWS\System32\cfgmgr32.dll
0x000000006c9b0000 - 0x000000006c9bf000 	C:\Program Files\Java\jdk1.8.0_111\jre\bin\verify.dll
0x000000006c980000 - 0x000000006c9a9000 	C:\Program Files\Java\jdk1.8.0_111\jre\bin\java.dll
0x000000006c960000 - 0x000000006c976000 	C:\Program Files\Java\jdk1.8.0_111\jre\bin\zip.dll
0x00007fffc8b20000 - 0x00007fffc9f57000 	C:\WINDOWS\System32\SHELL32.dll
0x00007fffca190000 - 0x00007fffca23a000 	C:\WINDOWS\System32\shcore.dll
0x00007fffc7190000 - 0x00007fffc7882000 	C:\WINDOWS\System32\windows.storage.dll
0x00007fffca370000 - 0x00007fffca3c1000 	C:\WINDOWS\System32\shlwapi.dll
0x00007fffc69e0000 - 0x00007fffc69f1000 	C:\WINDOWS\System32\kernel.appcore.dll
0x00007fffc6990000 - 0x00007fffc69dc000 	C:\WINDOWS\System32\powrprof.dll
0x00007fffc6970000 - 0x00007fffc6985000 	C:\WINDOWS\System32\profapi.dll
0x000000006c940000 - 0x000000006c95a000 	C:\Program Files\Java\jdk1.8.0_111\jre\bin\net.dll
0x00007fffc6260000 - 0x00007fffc62bc000 	C:\WINDOWS\system32\mswsock.dll
0x000000006c920000 - 0x000000006c931000 	C:\Program Files\Java\jdk1.8.0_111\jre\bin\nio.dll
0x000000006c780000 - 0x000000006c918000 	C:\Program Files\Java\jdk1.8.0_111\jre\bin\awt.dll
0x00007fffca440000 - 0x00007fffca4ff000 	C:\WINDOWS\System32\OLEAUT32.dll
0x00007fffc4f20000 - 0x00007fffc4f9e000 	C:\WINDOWS\SYSTEM32\apphelp.dll
0x00007fffc3630000 - 0x00007fffc365a000 	C:\WINDOWS\system32\DWMAPI.DLL
0x00007fffc5170000 - 0x00007fffc5205000 	C:\WINDOWS\system32\uxtheme.dll
0x00007fffc7c00000 - 0x00007fffc7d66000 	C:\WINDOWS\System32\MSCTF.dll
0x0000000180000000 - 0x000000018006c000 	C:\Program Files (x86)\RivaTuner Statistics Server\RTSSHooks64.dll
0x000000006d9d0000 - 0x000000006da73000 	C:\WINDOWS\WinSxS\amd64_microsoft.vc90.crt_1fc8b3b9a1e18e3b_9.0.30729.9279_none_08e667efa83ba076\MSVCR90.dll
0x00007fffc8820000 - 0x00007fffc8964000 	C:\WINDOWS\System32\ole32.dll
0x00007fff92b50000 - 0x00007fff92cd9000 	C:\WINDOWS\system32\d3d9.dll
0x00007fffc13f0000 - 0x00007fffc14cf000 	C:\WINDOWS\System32\DriverStore\FileRepository\nv_dispi.inf_amd64_e69a53b8ddde469c\nvldumdx.dll
0x00007fffc6c20000 - 0x00007fffc6de9000 	C:\WINDOWS\System32\crypt32.dll
0x00007fffc6950000 - 0x00007fffc6961000 	C:\WINDOWS\System32\MSASN1.dll
0x00007fffc7130000 - 0x00007fffc7186000 	C:\WINDOWS\System32\WINTRUST.DLL
0x00007fffc7f10000 - 0x00007fffc7f2d000 	C:\WINDOWS\System32\imagehlp.dll
0x00007fffc6400000 - 0x00007fffc6417000 	C:\WINDOWS\SYSTEM32\CRYPTSP.dll
0x00007fffc5e20000 - 0x00007fffc5e54000 	C:\WINDOWS\system32\rsaenh.dll
0x00007fffc6510000 - 0x00007fffc6535000 	C:\WINDOWS\SYSTEM32\bcrypt.dll
0x00007fffc6420000 - 0x00007fffc642b000 	C:\WINDOWS\SYSTEM32\CRYPTBASE.dll
0x00007fff84760000 - 0x00007fff85774000 	C:\WINDOWS\System32\DriverStore\FileRepository\nv_dispi.inf_amd64_e69a53b8ddde469c\nvd3dumx.dll
0x00007fffbbef0000 - 0x00007fffbc0c1000 	C:\WINDOWS\system32\nvspcap64.dll
0x00007fffc7f90000 - 0x00007fffc83cb000 	C:\WINDOWS\System32\SETUPAPI.dll
0x00007fffc30e0000 - 0x00007fffc30f3000 	C:\WINDOWS\SYSTEM32\WTSAPI32.dll
0x00007fffc0920000 - 0x00007fffc09f7000 	C:\WINDOWS\SYSTEM32\WINHTTP.dll
0x00007fffbc7c0000 - 0x00007fffbcbdf000 	C:\WINDOWS\system32\nvapi64.dll
0x00007fffc57c0000 - 0x00007fffc5864000 	C:\WINDOWS\SYSTEM32\dxgi.dll
0x00007fffc54d0000 - 0x00007fffc54f8000 	C:\WINDOWS\SYSTEM32\DEVOBJ.dll
0x00007fffb6060000 - 0x00007fffb6209000 	C:\WINDOWS\SYSTEM32\dbghelp.dll

VM Arguments:
jvm_args: -Dfile.encoding=UTF-8 
java_command: randomstrings.RandomStrings
java_class_path (initial): C:\Users\Christopher\Documents\NetBeansProjects\RandomStrings\build\classes
Launcher Type: SUN_STANDARD

Environment Variables:
PATH=C:\Program Files\Python 3.5\Scripts\;C:\Program Files\Python 3.5\;C:\Program Files\NVIDIA GPU Computing Toolkit\CUDA\v8.0\bin;C:\Program Files\NVIDIA GPU Computing Toolkit\CUDA\v8.0\libnvvp;C:\ProgramData\Oracle\Java\javapath;C:\Program Files (x86)\Intel\iCLS Client\;C:\Program Files\Intel\iCLS Client\;C:\Windows\system32;C:\Windows;C:\Windows\System32\Wbem;C:\Windows\System32\WindowsPowerShell\v1.0\;C:\Program Files\Intel\Intel(R) Management Engine Components\DAL;C:\Program Files\Intel\Intel(R) Management Engine Components\IPT;C:\Program Files (x86)\Intel\Intel(R) Management Engine Components\DAL;C:\Program Files (x86)\Intel\Intel(R) Management Engine Components\IPT;C:\WINDOWS\system32;C:\WINDOWS;C:\WINDOWS\System32\Wbem;C:\WINDOWS\System32\WindowsPowerShell\v1.0\;C:\Program Files (x86)\Windows Live\Shared;C:\Users\Christopher\.dnx\bin;C:\Program Files\Microsoft DNX\Dnvm\;C:\Program Files\Microsoft SQL Server\130\Tools\Binn\;C:\Program Files\Java\jdk1.8.0_111\bin;C:\PROGRA~2\Groovy\GROOVY~1.7\bin;C:\WINDOWS\SysWOW64\WindowsPowerShell\v1.0\Modules\TShell\TShell\;C:\Program Files (x86)\Windows Kits\8.1\Windows Performance Toolkit\;C:\cudnn\bin;C:\Program Files\Process Lasso;C:\Program Files (x86)\NVIDIA Corporation\PhysX\Common;C:\Program Files\MySQL\MySQL Server 5.5\bin;C:\Program Files (x86)\Skype\Phone\;G:\cuda\bin;C:\WINDOWS\system32;C:\WINDOWS;C:\WINDOWS\System32\Wbem;C:\WINDOWS\System32\WindowsPowerShell\v1.0\;C:\Users\Christopher\AppData\Local\Microsoft\WindowsApps;;C:\Program Files\Docker Toolbox
USERNAME=Christopher
OS=Windows_NT
PROCESSOR_IDENTIFIER=Intel64 Family 6 Model 58 Stepping 9, GenuineIntel



---------------  S Y S T E M  ---------------

OS: Windows 10.0 , 64 bit Build 15063 (10.0.15063.0)

CPU:total 8 (4 cores per cpu, 2 threads per core) family 6 model 58 stepping 9, cmov, cx8, fxsr, mmx, sse, sse2, sse3, ssse3, sse4.1, sse4.2, popcnt, avx, aes, clmul, erms, ht, tsc, tscinvbit, tscinv

Memory: 4k page, physical 16716924k(13010060k free), swap 16979068k(12585972k free)

vm_info: Java HotSpot(TM) 64-Bit Server VM (25.111-b14) for windows-amd64 JRE (1.8.0_111-b14), built on Sep 22 2016 19:24:05 by "java_re" with MS VC++ 10.0 (VS2010)

time: Wed Apr 19 20:56:24 2017
elapsed time: 0 seconds (0d 0h 0m 0s)

